[Sat May 24 14:22:55 2025] Waiting for activation...
[Sat May 24 14:22:55 2025] Ativado!
[Sat May 24 14:22:55 2025] State machine creation...
[Sat May 24 14:22:55 2025] Connected to Pixhawk
[Sat May 24 14:22:58 2025] Finding systems...
[Sat May 24 14:22:58 2025] Object YoloCtrl created.
[Sat May 24 14:22:58 2025] Threads initialization...
[Sat May 24 14:22:58 2025] Threads initialized
[Sat May 24 14:22:58 2025] Listening messages...
[Sat May 24 14:22:58 2025] State Machine created
[Sat May 24 14:22:58 2025] Starting thrusters...
[Sat May 24 14:23:05 2025] Action: NONE, Power: 0
[Sat May 24 14:23:06 2025] Engines thrusters
[Sat May 24 14:23:06 2025] Checking transition...
[Sat May 24 14:23:06 2025] Transitioning from INIT to SEARCH
[Sat May 24 14:23:06 2025] Searching...
[Sat May 24 14:23:06 2025] Action: DOWN, Power: 10
[Sat May 24 14:23:08 2025] Action: NONE, Power: 0
[Sat May 24 14:23:08 2025] Action: TURNLEFT, Power: 36
[Sat May 24 14:23:09 2025] Action: TURNLEFT, Power: 36
[Sat May 24 14:23:09 2025] Action: TURNLEFT, Power: 36
[Sat May 24 14:23:09 2025] Action: TURNLEFT, Power: 36
[Sat May 24 14:23:10 2025] Action: TURNLEFT, Power: 36
[Sat May 24 14:23:10 2025] Action: TURNLEFT, Power: 36
[Sat May 24 14:23:10 2025] Action: TURNLEFT, Power: 36
[Sat May 24 14:23:11 2025] Action: TURNLEFT, Power: 36
[Sat May 24 14:23:11 2025] Action: TURNLEFT, Power: 36
[Sat May 24 14:23:11 2025] Action: TURNLEFT, Power: 36
[Sat May 24 14:23:12 2025] Action: TURNLEFT, Power: 36
[Sat May 24 14:23:12 2025] Action: TURNLEFT, Power: 36
[Sat May 24 14:23:12 2025] Action: TURNLEFT, Power: 36
[Sat May 24 14:23:13 2025] Action: TURNLEFT, Power: 36
[Sat May 24 14:23:13 2025] Action: TURNLEFT, Power: 36
[Sat May 24 14:23:13 2025] Action: TURNLEFT, Power: 36
[Sat May 24 14:23:14 2025] Action: TURNLEFT, Power: 36
[Sat May 24 14:23:14 2025] Action: TURNLEFT, Power: 36
[Sat May 24 14:23:15 2025] Action: TURNLEFT, Power: 36
[Sat May 24 14:23:15 2025] Action: TURNLEFT, Power: 36
[Sat May 24 14:23:15 2025] Action: TURNLEFT, Power: 36
[Sat May 24 14:23:16 2025] Action: TURNLEFT, Power: 36
[Sat May 24 14:23:16 2025] Action: TURNLEFT, Power: 36
[Sat May 24 14:23:16 2025] Action: TURNLEFT, Power: 36
[Sat May 24 14:23:17 2025] Action: TURNLEFT, Power: 36
[Sat May 24 14:23:17 2025] Action: TURNLEFT, Power: 36
[Sat May 24 14:23:17 2025] Action: TURNLEFT, Power: 36
[Sat May 24 14:23:18 2025] Action: TURNLEFT, Power: 36
[Sat May 24 14:23:18 2025] Action: TURNLEFT, Power: 36
[Sat May 24 14:23:18 2025] Action: TURNLEFT, Power: 36
[Sat May 24 14:23:19 2025] Action: TURNLEFT, Power: 36
[Sat May 24 14:23:19 2025] Action: TURNLEFT, Power: 36
[Sat May 24 14:23:19 2025] Action: TURNLEFT, Power: 36
[Sat May 24 14:23:20 2025] Action: TURNLEFT, Power: 36
[Sat May 24 14:23:20 2025] Action: TURNLEFT, Power: 36
[Sat May 24 14:23:20 2025] Action: TURNLEFT, Power: 36
[Sat May 24 14:23:21 2025] Action: TURNLEFT, Power: 36
[Sat May 24 14:23:21 2025] Action: TURNLEFT, Power: 36
[Sat May 24 14:23:22 2025] Action: TURNLEFT, Power: 36
[Sat May 24 14:23:22 2025] Action: TURNLEFT, Power: 36
[Sat May 24 14:23:22 2025] Action: TURNLEFT, Power: 36
[Sat May 24 14:23:23 2025] Action: TURNLEFT, Power: 36
[Sat May 24 14:23:23 2025] Action: TURNLEFT, Power: 36
[Sat May 24 14:23:23 2025] Action: TURNLEFT, Power: 36
[Sat May 24 14:23:24 2025] Action: TURNLEFT, Power: 36
[Sat May 24 14:23:24 2025] Action: TURNLEFT, Power: 36
[Sat May 24 14:23:24 2025] Action: TURNLEFT, Power: 36
[Sat May 24 14:23:25 2025] Action: TURNLEFT, Power: 36
[Sat May 24 14:23:25 2025] Action: TURNLEFT, Power: 36
[Sat May 24 14:23:25 2025] Action: TURNLEFT, Power: 36
[Sat May 24 14:23:26 2025] Action: TURNLEFT, Power: 36
[Sat May 24 14:23:26 2025] Action: TURNLEFT, Power: 36
[Sat May 24 14:23:26 2025] Action: TURNLEFT, Power: 36
[Sat May 24 14:23:27 2025] Action: TURNLEFT, Power: 36
[Sat May 24 14:23:27 2025] Action: TURNLEFT, Power: 36
[Sat May 24 14:23:27 2025] Action: TURNLEFT, Power: 36
[Sat May 24 14:23:28 2025] Action: TURNLEFT, Power: 36
[Sat May 24 14:23:28 2025] Action: TURNLEFT, Power: 36
[Sat May 24 14:23:29 2025] Action: TURNLEFT, Power: 36
[Sat May 24 14:23:29 2025] Action: TURNLEFT, Power: 36
[Sat May 24 14:23:29 2025] Action: TURNLEFT, Power: 36
[Sat May 24 14:23:30 2025] Action: TURNLEFT, Power: 36
[Sat May 24 14:23:30 2025] Action: TURNLEFT, Power: 36
[Sat May 24 14:23:30 2025] Action: TURNLEFT, Power: 36
[Sat May 24 14:23:31 2025] Action: TURNLEFT, Power: 36
[Sat May 24 14:23:31 2025] Action: TURNLEFT, Power: 36
[Sat May 24 14:23:31 2025] Action: TURNLEFT, Power: 36
[Sat May 24 14:23:32 2025] Action: TURNLEFT, Power: 36
[Sat May 24 14:23:32 2025] Action: TURNLEFT, Power: 36
[Sat May 24 14:23:32 2025] Action: TURNLEFT, Power: 36
[Sat May 24 14:23:33 2025] Action: TURNLEFT, Power: 36
[Sat May 24 14:23:33 2025] Action: TURNLEFT, Power: 36
[Sat May 24 14:23:33 2025] Action: TURNLEFT, Power: 36
[Sat May 24 14:23:34 2025] Action: TURNLEFT, Power: 36
[Sat May 24 14:23:34 2025] Action: TURNLEFT, Power: 36
[Sat May 24 14:23:35 2025] Action: TURNLEFT, Power: 36
[Sat May 24 14:23:35 2025] Action: TURNLEFT, Power: 36
[Sat May 24 14:23:35 2025] Action: TURNLEFT, Power: 36
[Sat May 24 14:23:36 2025] Action: TURNLEFT, Power: 36
[Sat May 24 14:23:36 2025] Action: TURNLEFT, Power: 36
[Sat May 24 14:23:36 2025] Action: TURNLEFT, Power: 36
[Sat May 24 14:23:37 2025] Action: TURNLEFT, Power: 36
[Sat May 24 14:23:37 2025] Action: TURNLEFT, Power: 36
[Sat May 24 14:23:37 2025] Action: TURNLEFT, Power: 36
[Sat May 24 14:23:38 2025] Action: TURNLEFT, Power: 36
[Sat May 24 14:23:38 2025] Action: TURNLEFT, Power: 36
[Sat May 24 14:23:38 2025] Action: TURNLEFT, Power: 36
[Sat May 24 14:23:39 2025] Action: TURNLEFT, Power: 36
[Sat May 24 14:23:39 2025] Action: TURNLEFT, Power: 36
[Sat May 24 14:23:39 2025] Action: TURNLEFT, Power: 36
[Sat May 24 14:23:40 2025] Action: TURNLEFT, Power: 36
[Sat May 24 14:23:40 2025] Action: TURNLEFT, Power: 36
[Sat May 24 14:23:40 2025] Action: TURNLEFT, Power: 36
[Sat May 24 14:23:41 2025] Action: TURNLEFT, Power: 36
[Sat May 24 14:23:41 2025] Action: TURNLEFT, Power: 36
[Sat May 24 14:23:42 2025] Action: TURNLEFT, Power: 36
[Sat May 24 14:23:42 2025] Action: TURNLEFT, Power: 36
[Sat May 24 14:23:42 2025] Action: TURNLEFT, Power: 36
[Sat May 24 14:23:43 2025] Action: TURNLEFT, Power: 36
[Sat May 24 14:23:43 2025] Action: TURNLEFT, Power: 36
[Sat May 24 14:23:43 2025] Action: TURNLEFT, Power: 36
[Sat May 24 14:23:44 2025] Action: TURNLEFT, Power: 36
[Sat May 24 14:23:44 2025] Action: TURNLEFT, Power: 36
[Sat May 24 14:23:44 2025] Action: TURNLEFT, Power: 36
[Sat May 24 14:23:45 2025] Action: TURNLEFT, Power: 36
[Sat May 24 14:23:45 2025] Action: TURNLEFT, Power: 36
[Sat May 24 14:23:45 2025] Action: TURNLEFT, Power: 36
[Sat May 24 14:23:46 2025] Action: TURNLEFT, Power: 36
[Sat May 24 14:23:46 2025] Action: TURNLEFT, Power: 36
[Sat May 24 14:23:46 2025] Action: TURNLEFT, Power: 36
[Sat May 24 14:23:47 2025] Action: TURNLEFT, Power: 36
[Sat May 24 14:23:47 2025] Action: TURNLEFT, Power: 36
[Sat May 24 14:23:47 2025] Action: TURNLEFT, Power: 36
[Sat May 24 14:23:48 2025] Action: TURNLEFT, Power: 36
[Sat May 24 14:23:48 2025] Action: TURNLEFT, Power: 36
[Sat May 24 14:23:49 2025] Action: TURNLEFT, Power: 36
[Sat May 24 14:23:49 2025] Action: TURNLEFT, Power: 36
[Sat May 24 14:23:49 2025] Action: TURNLEFT, Power: 36
[Sat May 24 14:23:50 2025] Action: TURNLEFT, Power: 36
[Sat May 24 14:23:50 2025] Action: TURNLEFT, Power: 36
[Sat May 24 14:23:50 2025] Action: TURNLEFT, Power: 36
[Sat May 24 14:23:51 2025] Action: TURNLEFT, Power: 36
[Sat May 24 14:23:51 2025] Action: TURNLEFT, Power: 36
[Sat May 24 14:23:51 2025] Action: TURNLEFT, Power: 36
[Sat May 24 14:23:52 2025] Action: TURNLEFT, Power: 36
[Sat May 24 14:23:52 2025] Action: TURNLEFT, Power: 36
[Sat May 24 14:23:52 2025] Action: TURNLEFT, Power: 36
[Sat May 24 14:23:53 2025] Action: TURNLEFT, Power: 36
[Sat May 24 14:23:53 2025] Action: TURNLEFT, Power: 36
[Sat May 24 14:23:53 2025] Action: TURNLEFT, Power: 36
[Sat May 24 14:23:54 2025] Action: TURNLEFT, Power: 36
[Sat May 24 14:23:54 2025] Action: TURNLEFT, Power: 36
[Sat May 24 14:23:54 2025] Action: TURNLEFT, Power: 36
[Sat May 24 14:23:55 2025] Action: TURNLEFT, Power: 36
[Sat May 24 14:23:55 2025] Action: TURNLEFT, Power: 36
[Sat May 24 14:23:56 2025] Action: TURNLEFT, Power: 36
[Sat May 24 14:23:56 2025] Action: TURNLEFT, Power: 36
[Sat May 24 14:23:56 2025] Action: TURNLEFT, Power: 36
[Sat May 24 14:23:57 2025] Action: TURNLEFT, Power: 36
[Sat May 24 14:23:57 2025] Action: TURNLEFT, Power: 36
[Sat May 24 14:23:57 2025] Action: TURNLEFT, Power: 36
[Sat May 24 14:23:58 2025] Action: TURNLEFT, Power: 36
[Sat May 24 14:23:58 2025] Action: TURNLEFT, Power: 36
[Sat May 24 14:23:58 2025] Action: TURNLEFT, Power: 36
[Sat May 24 14:23:59 2025] Action: TURNLEFT, Power: 36
[Sat May 24 14:23:59 2025] Action: TURNLEFT, Power: 36
[Sat May 24 14:23:59 2025] Action: TURNLEFT, Power: 36
[Sat May 24 14:24:00 2025] Action: TURNLEFT, Power: 36
[Sat May 24 14:24:00 2025] Action: TURNLEFT, Power: 36
[Sat May 24 14:24:00 2025] Action: TURNLEFT, Power: 36
[Sat May 24 14:24:01 2025] Action: TURNLEFT, Power: 36
[Sat May 24 14:24:01 2025] Action: TURNLEFT, Power: 36
[Sat May 24 14:24:02 2025] Action: TURNLEFT, Power: 36
[Sat May 24 14:24:02 2025] Action: TURNLEFT, Power: 36
[Sat May 24 14:24:02 2025] Action: TURNLEFT, Power: 36
[Sat May 24 14:24:03 2025] Action: TURNLEFT, Power: 36
[Sat May 24 14:24:03 2025] Action: TURNLEFT, Power: 36
[Sat May 24 14:24:03 2025] Action: TURNLEFT, Power: 36
[Sat May 24 14:24:04 2025] Action: TURNLEFT, Power: 36
[Sat May 24 14:24:04 2025] Action: TURNLEFT, Power: 36
[Sat May 24 14:24:04 2025] Action: TURNLEFT, Power: 36
[Sat May 24 14:24:05 2025] Action: TURNLEFT, Power: 36
[Sat May 24 14:24:05 2025] Action: TURNLEFT, Power: 36
[Sat May 24 14:24:05 2025] Action: TURNLEFT, Power: 36
[Sat May 24 14:24:06 2025] Action: TURNLEFT, Power: 36
[Sat May 24 14:24:06 2025] Action: TURNLEFT, Power: 36
[Sat May 24 14:24:06 2025] Action: TURNLEFT, Power: 36
[Sat May 24 14:24:07 2025] Action: TURNLEFT, Power: 36
[Sat May 24 14:24:07 2025] Action: TURNLEFT, Power: 36
[Sat May 24 14:24:07 2025] Action: TURNLEFT, Power: 36
[Sat May 24 14:24:08 2025] Action: TURNLEFT, Power: 36
[Sat May 24 14:24:08 2025] Action: TURNLEFT, Power: 36
[Sat May 24 14:24:09 2025] Action: TURNLEFT, Power: 36
[Sat May 24 14:24:09 2025] Action: TURNLEFT, Power: 36
[Sat May 24 14:24:09 2025] Action: TURNLEFT, Power: 36
[Sat May 24 14:24:10 2025] Action: TURNLEFT, Power: 36
[Sat May 24 14:24:10 2025] Action: TURNLEFT, Power: 36
[Sat May 24 14:24:10 2025] Action: TURNLEFT, Power: 36
[Sat May 24 14:24:11 2025] Action: TURNLEFT, Power: 36
[Sat May 24 14:24:11 2025] Action: TURNLEFT, Power: 36
[Sat May 24 14:24:11 2025] Action: TURNLEFT, Power: 36
[Sat May 24 14:24:12 2025] Action: TURNLEFT, Power: 36
[Sat May 24 14:24:12 2025] Action: TURNLEFT, Power: 36
[Sat May 24 14:24:12 2025] Action: TURNLEFT, Power: 36
[Sat May 24 14:24:13 2025] Action: TURNLEFT, Power: 36
[Sat May 24 14:24:13 2025] Action: TURNLEFT, Power: 36
[Sat May 24 14:24:13 2025] Action: TURNLEFT, Power: 36
[Sat May 24 14:24:14 2025] Action: TURNLEFT, Power: 36
[Sat May 24 14:24:14 2025] Action: TURNLEFT, Power: 36
[Sat May 24 14:24:14 2025] Action: TURNLEFT, Power: 36
[Sat May 24 14:24:15 2025] Action: TURNLEFT, Power: 36
[Sat May 24 14:24:15 2025] Action: TURNLEFT, Power: 36
[Sat May 24 14:24:16 2025] Action: TURNLEFT, Power: 36
[Sat May 24 14:24:16 2025] Action: TURNLEFT, Power: 36
[Sat May 24 14:24:16 2025] Action: TURNLEFT, Power: 36
[Sat May 24 14:24:17 2025] Action: TURNLEFT, Power: 36
[Sat May 24 14:24:17 2025] Action: TURNLEFT, Power: 36
[Sat May 24 14:24:17 2025] Action: TURNLEFT, Power: 36
[Sat May 24 14:24:18 2025] Action: TURNLEFT, Power: 36
[Sat May 24 14:24:18 2025] Action: TURNLEFT, Power: 36
[Sat May 24 14:24:18 2025] Action: TURNLEFT, Power: 36
[Sat May 24 14:24:19 2025] Action: TURNLEFT, Power: 36
[Sat May 24 14:24:19 2025] Action: TURNLEFT, Power: 36
[Sat May 24 14:24:19 2025] Action: TURNLEFT, Power: 36
[Sat May 24 14:24:20 2025] Action: TURNLEFT, Power: 36
[Sat May 24 14:24:20 2025] Action: TURNLEFT, Power: 36
[Sat May 24 14:24:20 2025] Action: TURNLEFT, Power: 36
[Sat May 24 14:24:21 2025] Action: TURNLEFT, Power: 36
