[Sat May 24 11:40:35 2025] Waiting for activation...
[Sat May 24 11:40:35 2025] Ativado!
[Sat May 24 11:40:35 2025] State machine creation...
[Sat May 24 11:40:35 2025] Object YoloCtrl created.
[Sat May 24 11:40:35 2025] Threads initialization...
[Sat May 24 11:40:35 2025] Threads initialized
[Sat May 24 11:40:35 2025] State Machine created
[Sat May 24 11:40:35 2025] Starting thrusters...
[Sat May 24 11:40:35 2025] Velocidade: 0.000000, 0.000000, 0.000000
[Sat May 24 11:40:35 2025] Velocidade: -0.130171, -0.068768, 0.047234
[Sat May 24 11:40:35 2025] Velocidade: -1.006888, -0.530878, 0.347929
[Sat May 24 11:40:35 2025] Velocidade: -1.888722, -0.982107, 0.670199
[Sat May 24 11:40:35 2025] Velocidade: -2.766747, -1.437627, 0.984968
[Sat May 24 11:40:35 2025] Velocidade: -3.644154, -1.888865, 1.296714
[Sat May 24 11:40:36 2025] Velocidade: -4.523390, -2.353803, 1.603280
[Sat May 24 11:40:36 2025] Velocidade: -5.397932, -2.810442, 1.917887
[Sat May 24 11:40:36 2025] Velocidade: -6.270676, -3.266175, 2.240822
[Sat May 24 11:40:36 2025] Velocidade: -7.146112, -3.718910, 2.554559
[Sat May 24 11:40:36 2025] Velocidade: -8.026174, -4.175817, 2.865038
[Sat May 24 11:40:36 2025] Velocidade: -8.904595, -4.628555, 3.175799
[Sat May 24 11:40:36 2025] Velocidade: -9.781458, -5.088574, 3.492651
[Sat May 24 11:40:36 2025] Velocidade: -10.661180, -5.545333, 3.814470
[Sat May 24 11:40:36 2025] Velocidade: -11.539647, -6.002702, 4.125014
[Sat May 24 11:40:36 2025] Velocidade: -12.409914, -6.464046, 4.434315
[Sat May 24 11:40:37 2025] Velocidade: -13.284161, -6.917800, 4.750553
[Sat May 24 11:40:37 2025] Velocidade: -14.160949, -7.369103, 5.069543
[Sat May 24 11:40:37 2025] Velocidade: -15.034213, -7.828571, 5.378338
[Sat May 24 11:40:37 2025] Velocidade: -15.905082, -8.289080, 5.686171
[Sat May 24 11:40:37 2025] Velocidade: -16.781242, -8.746768, 6.003127
[Sat May 24 11:40:37 2025] Velocidade: -17.657230, -9.205489, 6.325572
[Sat May 24 11:40:37 2025] Velocidade: -18.537650, -9.665917, 6.642365
[Sat May 24 11:40:37 2025] Velocidade: -19.415461, -10.123560, 6.954327
[Sat May 24 11:40:37 2025] Velocidade: -20.290915, -10.576552, 7.264595
[Sat May 24 11:40:37 2025] Velocidade: -21.164347, -11.039834, 7.580401
[Sat May 24 11:40:38 2025] Velocidade: -22.040552, -11.496552, 7.894395
[Sat May 24 11:40:38 2025] Velocidade: -22.917572, -11.954786, 8.210718
[Sat May 24 11:40:38 2025] Velocidade: -23.792840, -12.408058, 8.524732
[Sat May 24 11:40:38 2025] Velocidade: -24.663043, -12.861160, 8.838303
[Sat May 24 11:40:38 2025] Velocidade: -25.539119, -13.315339, 9.146718
[Sat May 24 11:40:38 2025] Velocidade: -26.418504, -13.778617, 9.457059
[Sat May 24 11:40:38 2025] Velocidade: -27.297332, -14.238625, 9.770926
[Sat May 24 11:40:38 2025] Velocidade: -28.173683, -14.692441, 10.084725
[Sat May 24 11:40:38 2025] Velocidade: -29.041108, -15.149490, 10.396541
[Sat May 24 11:40:39 2025] Velocidade: -29.915036, -15.606316, 10.719547
[Sat May 24 11:40:39 2025] Velocidade: -30.795571, -16.064711, 11.031186
[Sat May 24 11:40:39 2025] Velocidade: -31.673683, -16.524733, 11.361191
[Sat May 24 11:40:39 2025] Velocidade: -32.553740, -16.975312, 11.681189
[Sat May 24 11:40:39 2025] Velocidade: -33.432249, -17.432067, 11.993719
[Sat May 24 11:40:39 2025] Velocidade: -34.308744, -17.891042, 12.306487
[Sat May 24 11:40:39 2025] Velocidade: -35.182998, -18.342814, 12.618756
[Sat May 24 11:40:39 2025] Velocidade: -36.059070, -18.801449, 12.932950
[Sat May 24 11:40:39 2025] Velocidade: -36.952740, -19.266137, 13.252534
[Sat May 24 11:40:39 2025] Velocidade: -37.852117, -19.728638, 13.583109
[Sat May 24 11:40:40 2025] Velocidade: -38.751763, -20.198250, 13.895930
[Sat May 24 11:40:40 2025] Velocidade: -39.647408, -20.665719, 14.212309
[Sat May 24 11:40:40 2025] Velocidade: -40.542749, -21.130506, 14.531802
[Sat May 24 11:40:40 2025] Velocidade: -41.431678, -21.592465, 14.846451
[Sat May 24 11:40:40 2025] Velocidade: -42.327273, -22.057514, 15.162066
[Sat May 24 11:40:40 2025] Velocidade: -43.218733, -22.529106, 15.485081
[Sat May 24 11:40:40 2025] Velocidade: -44.106729, -22.992761, 15.810248
[Sat May 24 11:40:40 2025] Velocidade: -44.998758, -23.464773, 16.128812
[Sat May 24 11:40:40 2025] Velocidade: -45.898045, -23.929519, 16.449641
[Sat May 24 11:40:41 2025] Velocidade: -46.789871, -24.390651, 16.776086
[Sat May 24 11:40:41 2025] Velocidade: -47.683504, -24.860530, 17.089086
[Sat May 24 11:40:41 2025] Velocidade: -48.571999, -25.327225, 17.406895
[Sat May 24 11:40:41 2025] Velocidade: -49.466000, -25.794907, 17.730440
[Sat May 24 11:40:41 2025] Velocidade: -50.361344, -26.261359, 18.049191
[Sat May 24 11:40:41 2025] Velocidade: -51.254726, -26.728221, 18.366860
[Sat May 24 11:40:41 2025] Velocidade: -52.150368, -27.192919, 18.698316
[Sat May 24 11:40:41 2025] Velocidade: -53.040878, -27.659994, 19.025598
[Sat May 24 11:40:41 2025] Velocidade: -53.943674, -28.123825, 19.350635
[Sat May 24 11:40:41 2025] Velocidade: -54.836417, -28.586559, 19.679674
[Sat May 24 11:40:42 2025] Velocidade: -55.732091, -29.056471, 19.997600
[Sat May 24 11:40:42 2025] Velocidade: -56.626176, -29.525827, 20.308983
[Sat May 24 11:40:42 2025] Velocidade: -57.524388, -29.995607, 20.630117
[Sat May 24 11:40:42 2025] Action: NONE, Power: 0
[Sat May 24 11:40:42 2025] Velocidade: -58.423427, -30.457426, 20.943576
[Sat May 24 11:40:42 2025] Velocidade: -59.323257, -30.918500, 21.261864
[Sat May 24 11:40:42 2025] Velocidade: -60.214240, -31.389601, 21.586158
[Sat May 24 11:40:42 2025] Velocidade: -61.110746, -31.851806, 21.918225
[Sat May 24 11:40:42 2025] Engines thrusters
[Sat May 24 11:40:42 2025] Checking transition...
[Sat May 24 11:40:42 2025] Transitioning from INIT to SEARCH
[Sat May 24 11:40:42 2025] Searching...
[Sat May 24 11:40:42 2025] Action: DOWN, Power: 10
[Sat May 24 11:40:42 2025] Velocidade: -61.993753, -32.321593, 22.238858
[Sat May 24 11:40:42 2025] Velocidade: -62.889718, -32.786440, 22.555603
[Sat May 24 11:40:43 2025] Velocidade: -63.782840, -33.248977, 22.881458
[Sat May 24 11:40:43 2025] Velocidade: -64.688847, -33.713791, 23.200732
[Sat May 24 11:40:43 2025] Velocidade: -65.585331, -34.180837, 23.509978
[Sat May 24 11:40:43 2025] Velocidade: -66.477711, -34.639826, 23.829573
[Sat May 24 11:40:43 2025] Velocidade: -67.371475, -35.105498, 24.146960
[Sat May 24 11:40:43 2025] Velocidade: -68.267655, -35.573534, 24.464575
[Sat May 24 11:40:43 2025] Velocidade: -69.161095, -36.037269, 24.787107
[Sat May 24 11:40:43 2025] Velocidade: -70.052447, -36.507204, 25.106409
[Sat May 24 11:40:43 2025] Velocidade: -70.943379, -36.977573, 25.427103
[Sat May 24 11:40:43 2025] Velocidade: -71.843047, -37.444933, 25.745365
[Sat May 24 11:40:44 2025] Velocidade: -72.736426, -37.913292, 26.065968
[Sat May 24 11:40:44 2025] Velocidade: -73.634031, -38.378096, 26.386251
[Sat May 24 11:40:44 2025] Velocidade: -74.530168, -38.842929, 26.703760
[Sat May 24 11:40:44 2025] Velocidade: -75.422479, -39.309398, 27.022696
[Sat May 24 11:40:44 2025] Velocidade: -76.322765, -39.775922, 27.348018
[Sat May 24 11:40:44 2025] Velocidade: -77.222969, -40.241264, 27.663750
[Sat May 24 11:40:44 2025] Velocidade: -78.112354, -40.710592, 27.980698
[Sat May 24 11:40:44 2025] Velocidade: -79.013711, -41.175497, 28.308164
[Sat May 24 11:40:44 2025] Velocidade: -79.909843, -41.639697, 28.636432
[Sat May 24 11:40:45 2025] Velocidade: -80.806878, -42.110818, 28.960757
[Sat May 24 11:40:45 2025] Action: NONE, Power: 0
[Sat May 24 11:40:45 2025] Velocidade: -81.704090, -42.570069, 29.281624
[Sat May 24 11:40:45 2025] Velocidade: -82.598564, -43.038264, 29.597650
[Sat May 24 11:40:45 2025] Velocidade: -83.495184, -43.500798, 29.912356
[Sat May 24 11:40:45 2025] Action: TURNLEFT, Power: 36
[Sat May 24 11:40:45 2025] Velocidade: -84.388702, -43.969654, 30.225519
[Sat May 24 11:40:45 2025] Velocidade: -85.286115, -44.425849, 30.541073
[Sat May 24 11:40:45 2025] Velocidade: -86.186608, -44.891586, 30.873488
[Sat May 24 11:40:45 2025] Action: TURNLEFT, Power: 36
[Sat May 24 11:40:45 2025] Velocidade: -87.087494, -45.362354, 31.193092
[Sat May 24 11:40:45 2025] Velocidade: -87.992108, -45.824701, 31.510304
[Sat May 24 11:40:45 2025] Velocidade: -88.891019, -46.289489, 31.825062
[Sat May 24 11:40:46 2025] Velocidade: -89.789798, -46.751182, 32.149516
[Sat May 24 11:40:46 2025] Action: TURNLEFT, Power: 36
[Sat May 24 11:40:46 2025] Velocidade: -90.679191, -47.214915, 32.476185
[Sat May 24 11:40:46 2025] Velocidade: -91.569151, -47.679430, 32.804720
[Sat May 24 11:40:46 2025] Velocidade: -92.394521, -48.194937, 33.127007
[Sat May 24 11:40:46 2025] Action: TURNLEFT, Power: 36
[Sat May 24 11:40:46 2025] Velocidade: -93.531358, -48.568980, 33.357012
[Sat May 24 11:40:46 2025] Velocidade: -94.420953, -49.008452, 33.688454
[Sat May 24 11:40:46 2025] Velocidade: -95.248183, -49.567377, 33.947122
[Sat May 24 11:40:46 2025] Action: TURNLEFT, Power: 36
[Sat May 24 11:40:46 2025] Velocidade: -96.209859, -50.215596, 34.239784
[Sat May 24 11:40:46 2025] Velocidade: -97.149684, -50.746846, 34.751517
[Sat May 24 11:40:47 2025] Velocidade: -97.962814, -51.126408, 35.301717
[Sat May 24 11:40:47 2025] Velocidade: -98.787211, -51.389616, 36.037786
[Sat May 24 11:40:47 2025] Action: TURNLEFT, Power: 36
[Sat May 24 11:40:47 2025] Velocidade: -99.540781, -51.447973, 36.857579
[Sat May 24 11:40:47 2025] Velocidade: -100.289483, -51.382769, 37.789207
[Sat May 24 11:40:47 2025] Velocidade: -100.976412, -51.268915, 38.737062
[Sat May 24 11:40:47 2025] Action: TURNLEFT, Power: 36
[Sat May 24 11:40:47 2025] Velocidade: -101.581004, -51.079140, 39.667418
[Sat May 24 11:40:47 2025] Velocidade: -102.053220, -50.732966, 40.640762
[Sat May 24 11:40:47 2025] Velocidade: -102.535439, -50.417659, 41.765771
[Sat May 24 11:40:47 2025] Action: TURNLEFT, Power: 36
[Sat May 24 11:40:47 2025] Velocidade: -102.969374, -50.141634, 42.883305
[Sat May 24 11:40:48 2025] Velocidade: -103.335186, -49.941109, 44.012431
[Sat May 24 11:40:48 2025] Velocidade: -103.638887, -49.746669, 45.169181
[Sat May 24 11:40:48 2025] Velocidade: -103.938853, -49.549397, 46.334561
[Sat May 24 11:40:48 2025] Action: TURNLEFT, Power: 36
[Sat May 24 11:40:48 2025] Velocidade: -104.227193, -49.393181, 47.579212
[Sat May 24 11:40:48 2025] Velocidade: -104.701302, -49.087075, 48.762838
[Sat May 24 11:40:48 2025] Velocidade: -104.883226, -48.892465, 50.006368
[Sat May 24 11:40:48 2025] Action: TURNLEFT, Power: 36
[Sat May 24 11:40:48 2025] Velocidade: -104.950199, -48.693069, 51.241811
[Sat May 24 11:40:48 2025] Velocidade: -105.012393, -48.504200, 52.465649
[Sat May 24 11:40:48 2025] Velocidade: -105.046391, -48.344104, 53.696432
[Sat May 24 11:40:48 2025] Action: TURNLEFT, Power: 36
[Sat May 24 11:40:48 2025] Velocidade: -105.081884, -48.103009, 54.930555
[Sat May 24 11:40:49 2025] Velocidade: -105.078584, -47.864117, 56.154468
[Sat May 24 11:40:49 2025] Velocidade: -104.984684, -47.617947, 57.394451
[Sat May 24 11:40:49 2025] Velocidade: -104.878819, -47.381845, 58.611012
[Sat May 24 11:40:49 2025] Action: TURNLEFT, Power: 36
[Sat May 24 11:40:49 2025] Velocidade: -104.818185, -47.125101, 59.836380
[Sat May 24 11:40:49 2025] Velocidade: -104.650473, -46.853363, 61.049180
[Sat May 24 11:40:49 2025] Velocidade: -104.464609, -46.540288, 62.281166
[Sat May 24 11:40:49 2025] Action: TURNLEFT, Power: 36
[Sat May 24 11:40:49 2025] Velocidade: -104.297265, -46.263410, 63.478435
[Sat May 24 11:40:49 2025] Velocidade: -104.144614, -45.953544, 64.703698
[Sat May 24 11:40:49 2025] Velocidade: -103.953404, -45.711108, 65.938706
[Sat May 24 11:40:49 2025] Action: TURNLEFT, Power: 36
[Sat May 24 11:40:50 2025] Velocidade: -103.807775, -45.544168, 67.165129
[Sat May 24 11:40:50 2025] Velocidade: -103.815889, -45.393556, 68.405016
[Sat May 24 11:40:50 2025] Velocidade: -103.833891, -45.290615, 69.619511
[Sat May 24 11:40:50 2025] Action: TURNLEFT, Power: 36
[Sat May 24 11:40:50 2025] Velocidade: -103.871678, -45.179790, 70.879415
[Sat May 24 11:40:50 2025] Velocidade: -103.988535, -45.053555, 72.057108
[Sat May 24 11:40:50 2025] Velocidade: -104.082573, -44.932648, 73.284679
[Sat May 24 11:40:50 2025] Velocidade: -104.200233, -44.708233, 74.507932
[Sat May 24 11:40:50 2025] Action: TURNLEFT, Power: 36
[Sat May 24 11:40:50 2025] Velocidade: -104.328279, -44.513502, 75.732102
[Sat May 24 11:40:50 2025] Velocidade: -104.579100, -44.310359, 77.023998
[Sat May 24 11:40:50 2025] Velocidade: -104.776941, -44.081320, 78.272933
[Sat May 24 11:40:51 2025] Action: TURNLEFT, Power: 36
[Sat May 24 11:40:51 2025] Velocidade: -105.102102, -44.033890, 79.401865
[Sat May 24 11:40:51 2025] Velocidade: -105.282906, -43.864751, 80.624383
[Sat May 24 11:40:51 2025] Velocidade: -105.659448, -43.835591, 81.906399
[Sat May 24 11:40:51 2025] Action: TURNLEFT, Power: 36
[Sat May 24 11:40:51 2025] Velocidade: -106.014054, -44.221143, 82.978080
[Sat May 24 11:40:51 2025] Velocidade: -106.201973, -44.822686, 84.087080
[Sat May 24 11:40:51 2025] Velocidade: -106.498484, -45.179312, 85.108511
[Sat May 24 11:40:51 2025] Velocidade: -107.027120, -45.345049, 86.137906
[Sat May 24 11:40:51 2025] Action: TURNLEFT, Power: 36
[Sat May 24 11:40:51 2025] Velocidade: -107.826285, -45.295592, 87.059318
[Sat May 24 11:40:51 2025] Velocidade: -108.841121, -45.141630, 87.950121
[Sat May 24 11:40:52 2025] Velocidade: -109.711174, -44.518823, 88.573941
[Sat May 24 11:40:52 2025] Action: TURNLEFT, Power: 36
[Sat May 24 11:40:52 2025] Velocidade: -110.354763, -43.768476, 88.894976
[Sat May 24 11:40:52 2025] Velocidade: -111.007504, -43.018394, 89.190800
[Sat May 24 11:40:52 2025] Velocidade: -111.899034, -42.676142, 89.494489
[Sat May 24 11:40:52 2025] Action: TURNLEFT, Power: 36
[Sat May 24 11:40:52 2025] Velocidade: -112.964000, -42.680454, 89.758257
[Sat May 24 11:40:52 2025] Velocidade: -113.894137, -42.777549, 90.042698
[Sat May 24 11:40:52 2025] Velocidade: -114.650115, -43.552286, 90.298747
[Sat May 24 11:40:52 2025] Velocidade: -115.050273, -44.458349, 90.466875
[Sat May 24 11:40:52 2025] Action: TURNLEFT, Power: 36
[Sat May 24 11:40:52 2025] Velocidade: -114.812912, -45.396384, 90.853855
[Sat May 24 11:40:52 2025] Velocidade: -114.877326, -46.356260, 91.204330
[Sat May 24 11:40:53 2025] Velocidade: -115.431585, -47.238461, 91.421269
[Sat May 24 11:40:53 2025] Action: TURNLEFT, Power: 36
[Sat May 24 11:40:53 2025] Velocidade: -116.377302, -47.820011, 91.530215
[Sat May 24 11:40:53 2025] Velocidade: -117.302676, -48.043745, 91.405157
[Sat May 24 11:40:53 2025] Velocidade: -118.212160, -47.899648, 91.071807
[Sat May 24 11:40:53 2025] Action: TURNLEFT, Power: 36
[Sat May 24 11:40:53 2025] Velocidade: -119.002752, -47.648534, 90.547533
[Sat May 24 11:40:53 2025] Velocidade: -119.944802, -46.969841, 90.333142
[Sat May 24 11:40:53 2025] Velocidade: -120.668678, -46.605367, 90.227123
[Sat May 24 11:40:53 2025] Velocidade: -121.546556, -46.098030, 90.691822
[Sat May 24 11:40:53 2025] Action: TURNLEFT, Power: 36
[Sat May 24 11:40:53 2025] Velocidade: -122.412060, -45.812994, 91.254539
[Sat May 24 11:40:54 2025] Velocidade: -123.329910, -45.900517, 91.941785
[Sat May 24 11:40:54 2025] Velocidade: -124.021831, -46.406962, 92.731899
[Sat May 24 11:40:54 2025] Action: TURNLEFT, Power: 36
[Sat May 24 11:40:54 2025] Velocidade: -124.314170, -47.193131, 93.516800
[Sat May 24 11:40:54 2025] Velocidade: -124.379121, -48.155730, 94.291395
[Sat May 24 11:40:54 2025] Velocidade: -124.435672, -48.955303, 95.141939
[Sat May 24 11:40:54 2025] Action: TURNLEFT, Power: 36
[Sat May 24 11:40:54 2025] Velocidade: -124.355786, -49.412808, 96.124408
[Sat May 24 11:40:54 2025] Velocidade: -124.098343, -49.621299, 97.164835
[Sat May 24 11:40:54 2025] Velocidade: -123.365421, -49.635501, 98.045102
[Sat May 24 11:40:54 2025] Velocidade: -122.507746, -49.753171, 98.820864
[Sat May 24 11:40:54 2025] Action: TURNLEFT, Power: 36
[Sat May 24 11:40:54 2025] Velocidade: -121.465356, -49.938197, 99.399547
[Sat May 24 11:40:55 2025] Velocidade: -120.458613, -50.323747, 99.765059
[Sat May 24 11:40:55 2025] Velocidade: -119.646319, -50.951868, 100.392672
[Sat May 24 11:40:55 2025] Action: TURNLEFT, Power: 36
[Sat May 24 11:40:55 2025] Velocidade: -119.335408, -51.749433, 101.238420
[Sat May 24 11:40:55 2025] Velocidade: -119.344794, -52.447053, 102.314277
[Sat May 24 11:40:55 2025] Velocidade: -119.403662, -53.125047, 103.498483
[Sat May 24 11:40:55 2025] Action: TURNLEFT, Power: 36
[Sat May 24 11:40:55 2025] Velocidade: -119.501567, -53.530110, 104.648740
[Sat May 24 11:40:55 2025] Velocidade: -119.674247, -53.698479, 105.819721
[Sat May 24 11:40:55 2025] Velocidade: -119.683893, -53.798744, 107.169361
[Sat May 24 11:40:55 2025] Action: TURNLEFT, Power: 36
[Sat May 24 11:40:55 2025] Velocidade: -119.865259, -53.769827, 108.425732
[Sat May 24 11:40:56 2025] Velocidade: -120.027217, -53.753073, 109.687384
[Sat May 24 11:40:56 2025] Velocidade: -120.177356, -53.644019, 111.008455
[Sat May 24 11:40:56 2025] Velocidade: -120.641455, -53.629065, 112.254247
[Sat May 24 11:40:56 2025] Action: TURNLEFT, Power: 36
[Sat May 24 11:40:56 2025] Velocidade: -121.130734, -53.752335, 113.442568
[Sat May 24 11:40:56 2025] Velocidade: -121.449834, -53.934461, 114.631456
[Sat May 24 11:40:56 2025] Velocidade: -121.699844, -54.196146, 115.888359
[Sat May 24 11:40:56 2025] Action: TURNLEFT, Power: 36
[Sat May 24 11:40:56 2025] Velocidade: -121.960314, -54.172306, 117.101435
[Sat May 24 11:40:56 2025] Velocidade: -122.418637, -53.995521, 118.323460
[Sat May 24 11:40:56 2025] Velocidade: -122.678366, -53.553170, 119.503907
[Sat May 24 11:40:56 2025] Action: TURNLEFT, Power: 36
[Sat May 24 11:40:57 2025] Velocidade: -122.703474, -53.091322, 120.625430
[Sat May 24 11:40:57 2025] Velocidade: -122.514260, -52.617017, 121.750825
[Sat May 24 11:40:57 2025] Velocidade: -122.123915, -52.205368, 122.765872
[Sat May 24 11:40:57 2025] Velocidade: -121.541807, -52.072517, 123.909299
[Sat May 24 11:40:57 2025] Action: TURNLEFT, Power: 36
[Sat May 24 11:40:57 2025] Velocidade: -121.057749, -52.273701, 125.052216
[Sat May 24 11:40:57 2025] Velocidade: -120.544244, -52.392749, 126.132275
[Sat May 24 11:40:57 2025] Velocidade: -120.583827, -52.680990, 127.310361
[Sat May 24 11:40:57 2025] Action: TURNLEFT, Power: 36
[Sat May 24 11:40:57 2025] Velocidade: -120.906221, -52.880206, 128.415678
[Sat May 24 11:40:57 2025] Velocidade: -121.382303, -53.054964, 129.503285
[Sat May 24 11:40:57 2025] Velocidade: -121.911638, -53.202579, 130.509706
[Sat May 24 11:40:58 2025] Action: TURNLEFT, Power: 36
[Sat May 24 11:40:58 2025] Velocidade: -122.512364, -53.200802, 131.497465
[Sat May 24 11:40:58 2025] Velocidade: -123.227968, -53.187114, 132.433099
[Sat May 24 11:40:58 2025] Velocidade: -123.945987, -53.166816, 133.363987
[Sat May 24 11:40:58 2025] Velocidade: -124.605623, -53.295903, 134.330996
[Sat May 24 11:40:58 2025] Action: TURNLEFT, Power: 36
[Sat May 24 11:40:58 2025] Velocidade: -125.212719, -53.512560, 135.434323
[Sat May 24 11:40:58 2025] Velocidade: -125.750564, -53.734085, 136.515082
[Sat May 24 11:40:58 2025] Velocidade: -126.323679, -53.793425, 137.604761
[Sat May 24 11:40:58 2025] Action: TURNLEFT, Power: 36
[Sat May 24 11:40:58 2025] Velocidade: -126.929972, -53.691236, 138.623110
[Sat May 24 11:40:58 2025] Velocidade: -127.367889, -53.375540, 139.719043
[Sat May 24 11:40:59 2025] Velocidade: -127.661288, -52.924410, 140.789430
[Sat May 24 11:40:59 2025] Action: TURNLEFT, Power: 36
[Sat May 24 11:40:59 2025] Velocidade: -127.736878, -52.335163, 141.775651
[Sat May 24 11:40:59 2025] Velocidade: -127.513453, -51.716879, 142.806548
[Sat May 24 11:40:59 2025] Velocidade: -126.922495, -51.081027, 143.783025
[Sat May 24 11:40:59 2025] Velocidade: -126.289138, -50.500916, 144.572058
[Sat May 24 11:40:59 2025] Action: TURNLEFT, Power: 36
[Sat May 24 11:40:59 2025] Velocidade: -125.513384, -49.963543, 145.263111
[Sat May 24 11:40:59 2025] Velocidade: -124.554556, -49.593300, 145.909261
[Sat May 24 11:40:59 2025] Velocidade: -123.497863, -49.387642, 146.468672
[Sat May 24 11:40:59 2025] Action: TURNLEFT, Power: 36
[Sat May 24 11:40:59 2025] Velocidade: -122.430722, -49.319170, 146.961667
[Sat May 24 11:40:59 2025] Velocidade: -121.419594, -49.275825, 147.647581
[Sat May 24 11:41:00 2025] Velocidade: -120.491745, -49.310331, 148.336428
[Sat May 24 11:41:00 2025] Action: TURNLEFT, Power: 36
[Sat May 24 11:41:00 2025] Velocidade: -119.683910, -49.450295, 149.250502
[Sat May 24 11:41:00 2025] Velocidade: -118.942971, -49.705983, 150.212125
[Sat May 24 11:41:00 2025] Velocidade: -118.258311, -49.938261, 151.224155
[Sat May 24 11:41:00 2025] Action: TURNLEFT, Power: 36
[Sat May 24 11:41:00 2025] Velocidade: -117.678048, -50.262913, 152.297869
[Sat May 24 11:41:00 2025] Velocidade: -117.277296, -50.736460, 153.399176
[Sat May 24 11:41:00 2025] Velocidade: -117.144280, -51.161605, 154.493203
[Sat May 24 11:41:00 2025] Velocidade: -117.233789, -51.691307, 155.608138
[Sat May 24 11:41:00 2025] Action: TURNLEFT, Power: 36
[Sat May 24 11:41:00 2025] Velocidade: -117.616775, -52.119186, 156.785754
[Sat May 24 11:41:01 2025] Velocidade: -118.221010, -52.156998, 157.941948
[Sat May 24 11:41:01 2025] Velocidade: -118.789322, -52.032791, 158.998723
[Sat May 24 11:41:01 2025] Action: TURNLEFT, Power: 36
[Sat May 24 11:41:01 2025] Velocidade: -119.296960, -51.913868, 160.057613
[Sat May 24 11:41:01 2025] Velocidade: -119.751401, -51.636183, 161.125499
[Sat May 24 11:41:01 2025] Velocidade: -120.116258, -51.213984, 162.235293
[Sat May 24 11:41:01 2025] Action: TURNLEFT, Power: 36
[Sat May 24 11:41:01 2025] Velocidade: -120.387858, -50.680674, 163.280103
[Sat May 24 11:41:01 2025] Velocidade: -120.430181, -50.036960, 164.326519
[Sat May 24 11:41:01 2025] Velocidade: -120.291740, -49.355404, 165.292818
[Sat May 24 11:41:01 2025] Velocidade: -119.962999, -48.725317, 166.228562
[Sat May 24 11:41:01 2025] Action: TURNLEFT, Power: 36
[Sat May 24 11:41:01 2025] Velocidade: -119.417116, -48.215741, 167.218515
[Sat May 24 11:41:02 2025] Velocidade: -118.878641, -47.946123, 168.297749
[Sat May 24 11:41:02 2025] Velocidade: -118.375489, -47.899183, 169.395904
[Sat May 24 11:41:02 2025] Action: TURNLEFT, Power: 36
[Sat May 24 11:41:02 2025] Velocidade: -117.936230, -48.059261, 170.571420
[Sat May 24 11:41:02 2025] Velocidade: -117.546787, -48.270398, 171.683680
[Sat May 24 11:41:02 2025] Velocidade: -117.364671, -48.566147, 172.861094
[Sat May 24 11:41:02 2025] Action: TURNLEFT, Power: 36
[Sat May 24 11:41:02 2025] Velocidade: -117.292917, -48.915535, 174.056569
[Sat May 24 11:41:02 2025] Velocidade: -117.346290, -49.341252, 175.233329
[Sat May 24 11:41:02 2025] Velocidade: -117.557388, -49.658534, 176.403639
[Sat May 24 11:41:02 2025] Velocidade: -117.909051, -49.909250, 177.587799
[Sat May 24 11:41:02 2025] Action: TURNLEFT, Power: 36
[Sat May 24 11:41:03 2025] Velocidade: -118.380131, -50.081776, 178.748983
[Sat May 24 11:41:03 2025] Velocidade: -118.911829, -50.153956, 179.873631
[Sat May 24 11:41:03 2025] Velocidade: -119.539885, -50.093259, 180.895334
[Sat May 24 11:41:03 2025] Action: TURNLEFT, Power: 36
[Sat May 24 11:41:03 2025] Velocidade: -120.215025, -49.889194, 181.839260
[Sat May 24 11:41:03 2025] Velocidade: -120.928876, -49.568990, 182.757178
[Sat May 24 11:41:03 2025] Velocidade: -121.579243, -49.124002, 183.649689
[Sat May 24 11:41:03 2025] Action: TURNLEFT, Power: 36
[Sat May 24 11:41:03 2025] Velocidade: -122.203499, -48.629577, 184.536910
[Sat May 24 11:41:03 2025] Velocidade: -122.783872, -48.098160, 185.414065
[Sat May 24 11:41:03 2025] Velocidade: -123.274820, -47.513190, 186.348187
[Sat May 24 11:41:03 2025] Velocidade: -123.690273, -46.938162, 187.269299
[Sat May 24 11:41:04 2025] Action: TURNLEFT, Power: 36
[Sat May 24 11:41:04 2025] Velocidade: -123.903921, -46.329991, 188.284442
[Sat May 24 11:41:04 2025] Velocidade: -123.938258, -45.755671, 189.375599
[Sat May 24 11:41:04 2025] Velocidade: -123.824420, -45.258742, 190.454646
[Sat May 24 11:41:04 2025] Action: TURNLEFT, Power: 36
[Sat May 24 11:41:04 2025] Velocidade: -123.577534, -44.694358, 191.587986
[Sat May 24 11:41:04 2025] Velocidade: -123.294802, -44.207966, 192.707220
[Sat May 24 11:41:04 2025] Velocidade: -122.995633, -43.740958, 193.719071
[Sat May 24 11:41:04 2025] Action: TURNLEFT, Power: 36
[Sat May 24 11:41:04 2025] Velocidade: -122.759950, -43.149973, 194.766437
[Sat May 24 11:41:04 2025] Velocidade: -122.573592, -42.546722, 195.836853
[Sat May 24 11:41:04 2025] Velocidade: -122.444338, -41.878871, 196.910494
[Sat May 24 11:41:05 2025] Action: TURNLEFT, Power: 36
[Sat May 24 11:41:05 2025] Velocidade: -122.471769, -41.303333, 197.963276
[Sat May 24 11:41:05 2025] Velocidade: -122.334242, -41.011979, 199.228782
[Sat May 24 11:41:05 2025] Velocidade: -121.641747, -42.068224, 200.731471
[Sat May 24 11:41:05 2025] Velocidade: -122.197491, -41.589589, 202.153679
[Sat May 24 11:41:05 2025] Action: TURNLEFT, Power: 36
[Sat May 24 11:41:05 2025] Velocidade: -122.520110, -41.174902, 203.116970
[Sat May 24 11:41:05 2025] Velocidade: -122.694619, -40.802040, 204.302264
[Sat May 24 11:41:05 2025] Velocidade: -122.785429, -40.479133, 205.426731
[Sat May 24 11:41:05 2025] Action: TURNLEFT, Power: 36
[Sat May 24 11:41:05 2025] Velocidade: -122.969054, -40.112137, 206.576163
[Sat May 24 11:41:05 2025] Velocidade: -123.171585, -39.744082, 207.689199
[Sat May 24 11:41:06 2025] Velocidade: -123.363592, -39.324813, 208.872437
[Sat May 24 11:41:06 2025] Action: TURNLEFT, Power: 36
[Sat May 24 11:41:06 2025] Velocidade: -123.516021, -38.932308, 210.055796
[Sat May 24 11:41:06 2025] Velocidade: -123.716979, -38.525310, 211.206161
[Sat May 24 11:41:06 2025] Velocidade: -123.858506, -38.215833, 212.425013
[Sat May 24 11:41:06 2025] Velocidade: -123.972017, -38.074134, 213.667799
[Sat May 24 11:41:06 2025] Action: TURNLEFT, Power: 36
[Sat May 24 11:41:06 2025] Velocidade: -124.083273, -38.110711, 214.912443
[Sat May 24 11:41:06 2025] Velocidade: -124.179557, -38.196071, 216.163624
[Sat May 24 11:41:06 2025] Velocidade: -124.168655, -38.306098, 217.433750
[Sat May 24 11:41:06 2025] Action: TURNLEFT, Power: 36
[Sat May 24 11:41:06 2025] Velocidade: -124.073923, -38.448578, 218.648515
[Sat May 24 11:41:06 2025] Velocidade: -123.974628, -38.556761, 219.898464
[Sat May 24 11:41:07 2025] Velocidade: -123.874529, -38.551680, 221.156049
[Sat May 24 11:41:07 2025] Action: TURNLEFT, Power: 36
[Sat May 24 11:41:07 2025] Velocidade: -123.933235, -38.359551, 222.319497
[Sat May 24 11:41:07 2025] Velocidade: -124.043208, -38.100238, 223.515997
[Sat May 24 11:41:07 2025] Velocidade: -124.282454, -37.757115, 224.693179
[Sat May 24 11:41:07 2025] Velocidade: -124.682206, -37.368792, 225.772051
[Sat May 24 11:41:07 2025] Action: TURNLEFT, Power: 36
[Sat May 24 11:41:07 2025] Velocidade: -125.221141, -37.028720, 226.858302
[Sat May 24 11:41:07 2025] Velocidade: -125.878614, -36.836183, 227.870073
[Sat May 24 11:41:07 2025] Velocidade: -126.597386, -36.957162, 228.742794
[Sat May 24 11:41:07 2025] Action: TURNLEFT, Power: 36
[Sat May 24 11:41:07 2025] Velocidade: -127.278049, -37.129553, 229.712301
[Sat May 24 11:41:08 2025] Velocidade: -127.965644, -37.357395, 230.693090
[Sat May 24 11:41:08 2025] Velocidade: -128.629199, -37.654061, 231.604969
[Sat May 24 11:41:08 2025] Action: TURNLEFT, Power: 36
[Sat May 24 11:41:08 2025] Velocidade: -129.239648, -37.936939, 232.591997
[Sat May 24 11:41:08 2025] Velocidade: -129.707391, -38.197220, 233.682384
[Sat May 24 11:41:08 2025] Velocidade: -128.907413, -36.209972, 235.138091
[Sat May 24 11:41:08 2025] Velocidade: -128.938337, -36.575236, 236.384705
[Sat May 24 11:41:08 2025] Action: TURNLEFT, Power: 36
[Sat May 24 11:41:08 2025] Velocidade: -129.099087, -36.854833, 237.709044
[Sat May 24 11:41:08 2025] Velocidade: -128.931196, -37.081562, 238.905329
[Sat May 24 11:41:08 2025] Velocidade: -128.731039, -37.275115, 240.167741
[Sat May 24 11:41:08 2025] Action: TURNLEFT, Power: 36
[Sat May 24 11:41:08 2025] Velocidade: -128.390269, -37.321583, 241.360180
[Sat May 24 11:41:09 2025] Velocidade: -128.018670, -37.167153, 242.549653
[Sat May 24 11:41:09 2025] Velocidade: -127.603986, -36.911943, 243.738345
[Sat May 24 11:41:09 2025] Action: TURNLEFT, Power: 36
[Sat May 24 11:41:09 2025] Velocidade: -127.233660, -36.431863, 244.795080
[Sat May 24 11:41:09 2025] Velocidade: -126.799458, -35.932403, 245.850877
[Sat May 24 11:41:09 2025] Velocidade: -126.430316, -35.388979, 246.899362
[Sat May 24 11:41:09 2025] Action: TURNLEFT, Power: 36
[Sat May 24 11:41:09 2025] Velocidade: -126.119744, -34.842687, 247.939169
[Sat May 24 11:41:09 2025] Velocidade: -125.932875, -34.228872, 248.978404
[Sat May 24 11:41:09 2025] Velocidade: -125.885483, -33.627970, 250.050193
[Sat May 24 11:41:09 2025] Velocidade: -125.937808, -33.080840, 251.153091
[Sat May 24 11:41:09 2025] Action: TURNLEFT, Power: 36
[Sat May 24 11:41:10 2025] Velocidade: -126.077897, -32.643791, 252.302791
[Sat May 24 11:41:10 2025] Velocidade: -126.246052, -32.323993, 253.509843
[Sat May 24 11:41:10 2025] Velocidade: -126.479837, -32.088937, 254.700878
[Sat May 24 11:41:10 2025] Action: TURNLEFT, Power: 36
[Sat May 24 11:41:10 2025] Velocidade: -126.816456, -32.078013, 255.904068
[Sat May 24 11:41:10 2025] Velocidade: -127.173054, -32.172564, 257.078581
[Sat May 24 11:41:10 2025] Velocidade: -127.553992, -32.386905, 258.260758
[Sat May 24 11:41:10 2025] Action: TURNLEFT, Power: 36
[Sat May 24 11:41:10 2025] Velocidade: -127.916116, -32.676451, 259.452695
[Sat May 24 11:41:10 2025] Velocidade: -128.237467, -32.982077, 260.630305
[Sat May 24 11:41:10 2025] Velocidade: -128.450472, -33.175810, 261.828207
[Sat May 24 11:41:10 2025] Velocidade: -128.572152, -33.218145, 263.024223
[Sat May 24 11:41:11 2025] Action: TURNLEFT, Power: 36
[Sat May 24 11:41:11 2025] Velocidade: -128.521687, -33.151704, 264.274186
[Sat May 24 11:41:11 2025] Velocidade: -128.256666, -33.087541, 265.446872
[Sat May 24 11:41:11 2025] Velocidade: -127.890424, -33.036054, 266.657195
[Sat May 24 11:41:11 2025] Action: TURNLEFT, Power: 36
[Sat May 24 11:41:11 2025] Velocidade: -127.467379, -32.956923, 267.862163
[Sat May 24 11:41:11 2025] Velocidade: -126.976131, -32.736787, 269.018891
[Sat May 24 11:41:11 2025] Velocidade: -126.674612, -32.590211, 270.164614
[Sat May 24 11:41:11 2025] Action: TURNLEFT, Power: 36
[Sat May 24 11:41:11 2025] Velocidade: -126.409391, -32.378745, 271.401721
[Sat May 24 11:41:11 2025] Velocidade: -126.371112, -32.253515, 272.552106
[Sat May 24 11:41:11 2025] Velocidade: -126.581812, -32.048394, 273.892115
[Sat May 24 11:41:12 2025] Velocidade: -127.264690, -32.311663, 274.996376
[Sat May 24 11:41:12 2025] Action: TURNLEFT, Power: 36
[Sat May 24 11:41:12 2025] Velocidade: -128.088830, -32.491960, 275.994980
[Sat May 24 11:41:12 2025] Velocidade: -128.579991, -32.877836, 276.991510
[Sat May 24 11:41:12 2025] Velocidade: -129.131767, -33.299275, 277.994393
[Sat May 24 11:41:12 2025] Action: TURNLEFT, Power: 36
[Sat May 24 11:41:12 2025] Velocidade: -129.821776, -33.680048, 278.903834
[Sat May 24 11:41:12 2025] Velocidade: -130.401018, -34.107379, 279.816827
[Sat May 24 11:41:12 2025] Velocidade: -131.019324, -34.560262, 280.681490
[Sat May 24 11:41:12 2025] Action: TURNLEFT, Power: 36
[Sat May 24 11:41:12 2025] Velocidade: -131.687180, -35.007358, 281.542226
[Sat May 24 11:41:12 2025] Velocidade: -132.325432, -35.453069, 282.397118
[Sat May 24 11:41:13 2025] Velocidade: -133.014783, -35.916694, 283.227992
[Sat May 24 11:41:13 2025] Velocidade: -133.630291, -36.389167, 284.112832
[Sat May 24 11:41:13 2025] Action: TURNLEFT, Power: 36
[Sat May 24 11:41:13 2025] Velocidade: -134.380328, -36.881078, 284.901157
[Sat May 24 11:41:13 2025] Velocidade: -135.058262, -37.378940, 285.676229
[Sat May 24 11:41:13 2025] Velocidade: -135.761833, -37.913085, 286.425199
[Sat May 24 11:41:13 2025] Action: TURNLEFT, Power: 36
[Sat May 24 11:41:13 2025] Velocidade: -136.456444, -38.446153, 287.153793
[Sat May 24 11:41:13 2025] Velocidade: -137.156239, -38.980381, 287.868040
[Sat May 24 11:41:13 2025] Velocidade: -137.862500, -39.524595, 288.588756
[Sat May 24 11:41:13 2025] Action: TURNLEFT, Power: 36
[Sat May 24 11:41:13 2025] Velocidade: -138.573498, -40.072491, 289.282505
[Sat May 24 11:41:13 2025] Velocidade: -139.287163, -40.630494, 289.964987
[Sat May 24 11:41:14 2025] Velocidade: -140.000722, -41.182526, 290.641525
[Sat May 24 11:41:14 2025] Action: TURNLEFT, Power: 36
[Sat May 24 11:41:14 2025] Velocidade: -140.718930, -41.740203, 291.318141
[Sat May 24 11:41:14 2025] Velocidade: -141.438921, -42.306146, 291.980777
[Sat May 24 11:41:14 2025] Velocidade: -142.162293, -42.879522, 292.639286
[Sat May 24 11:41:14 2025] Velocidade: -142.889833, -43.452774, 293.283591
[Sat May 24 11:41:14 2025] Action: TURNLEFT, Power: 36
[Sat May 24 11:41:14 2025] Velocidade: -143.626063, -44.039477, 293.896652
[Sat May 24 11:41:14 2025] Velocidade: -144.366189, -44.642636, 294.534814
[Sat May 24 11:41:14 2025] Velocidade: -145.101470, -45.228984, 295.152622
[Sat May 24 11:41:14 2025] Action: TURNLEFT, Power: 36
[Sat May 24 11:41:14 2025] Velocidade: -145.831055, -45.822437, 295.749118
[Sat May 24 11:41:15 2025] Velocidade: -146.566544, -46.419705, 296.346132
[Sat May 24 11:41:15 2025] Velocidade: -147.302740, -47.022762, 296.929915
[Sat May 24 11:41:15 2025] Action: TURNLEFT, Power: 36
[Sat May 24 11:41:15 2025] Velocidade: -148.034933, -47.643616, 297.507655
[Sat May 24 11:41:15 2025] Velocidade: -148.775409, -48.243255, 298.091053
[Sat May 24 11:41:15 2025] Velocidade: -149.512438, -48.851995, 298.666833
[Sat May 24 11:41:15 2025] Velocidade: -150.256266, -49.456386, 299.227366
[Sat May 24 11:41:15 2025] Action: TURNLEFT, Power: 36
[Sat May 24 11:41:15 2025] Velocidade: -151.002881, -50.061744, 299.794175
[Sat May 24 11:41:15 2025] Velocidade: -151.749583, -50.668946, 300.351665
[Sat May 24 11:41:15 2025] Velocidade: -152.501579, -51.273333, 300.901015
[Sat May 24 11:41:15 2025] Action: TURNLEFT, Power: 36
[Sat May 24 11:41:15 2025] Velocidade: -153.244601, -51.881191, 301.456633
[Sat May 24 11:41:16 2025] Velocidade: -153.996652, -52.487699, 302.004063
[Sat May 24 11:41:16 2025] Velocidade: -154.742965, -53.092257, 302.541165
[Sat May 24 11:41:16 2025] Action: TURNLEFT, Power: 36
[Sat May 24 11:41:16 2025] Velocidade: -155.514976, -53.708241, 303.079518
[Sat May 24 11:41:16 2025] Velocidade: -156.271456, -54.310737, 303.608445
[Sat May 24 11:41:16 2025] Velocidade: -157.021887, -54.916307, 304.144249
[Sat May 24 11:41:16 2025] Velocidade: -157.785648, -55.531982, 304.653424
[Sat May 24 11:41:16 2025] Action: TURNLEFT, Power: 36
[Sat May 24 11:41:16 2025] Velocidade: -158.533874, -56.138473, 305.170159
[Sat May 24 11:41:16 2025] Velocidade: -159.298243, -56.752200, 305.681682
[Sat May 24 11:41:16 2025] Velocidade: -160.042538, -57.375785, 306.190390
[Sat May 24 11:41:16 2025] Action: TURNLEFT, Power: 36
[Sat May 24 11:41:17 2025] Velocidade: -160.807962, -57.998881, 306.684604
[Sat May 24 11:41:17 2025] Velocidade: -161.570536, -58.608991, 307.185630
[Sat May 24 11:41:17 2025] Velocidade: -162.330850, -59.228460, 307.687600
[Sat May 24 11:41:17 2025] Action: TURNLEFT, Power: 36
[Sat May 24 11:41:17 2025] Velocidade: -163.086146, -59.840663, 308.185634
[Sat May 24 11:41:17 2025] Velocidade: -163.857629, -60.461452, 308.676531
[Sat May 24 11:41:17 2025] Velocidade: -164.624815, -61.073576, 309.163033
[Sat May 24 11:41:17 2025] Velocidade: -165.397628, -61.690711, 309.654662
[Sat May 24 11:41:17 2025] Action: TURNLEFT, Power: 36
[Sat May 24 11:41:17 2025] Velocidade: -166.174435, -62.306625, 310.139881
[Sat May 24 11:41:17 2025] Velocidade: -166.951598, -62.921910, 310.605468
[Sat May 24 11:41:17 2025] Velocidade: -167.731041, -63.532372, 311.087291
[Sat May 24 11:41:18 2025] Action: TURNLEFT, Power: 36
[Sat May 24 11:41:18 2025] Velocidade: -168.489515, -64.148489, 311.557753
[Sat May 24 11:41:18 2025] Velocidade: -169.268573, -64.765096, 312.035731
[Sat May 24 11:41:18 2025] Velocidade: -170.048896, -65.386920, 312.513258
[Sat May 24 11:41:18 2025] Action: TURNLEFT, Power: 36
[Sat May 24 11:41:18 2025] Velocidade: -170.822092, -65.997204, 312.980931
[Sat May 24 11:41:18 2025] Velocidade: -171.595258, -66.616499, 313.441021
[Sat May 24 11:41:18 2025] Velocidade: -172.363635, -67.230541, 313.900223
[Sat May 24 11:41:18 2025] Velocidade: -173.136880, -67.865526, 314.347985
[Sat May 24 11:41:18 2025] Action: TURNLEFT, Power: 36
[Sat May 24 11:41:18 2025] Velocidade: -173.921379, -68.475072, 314.804130
[Sat May 24 11:41:18 2025] Velocidade: -174.696646, -69.091883, 315.245725
[Sat May 24 11:41:19 2025] Velocidade: -175.487180, -69.711113, 315.691622
[Sat May 24 11:41:19 2025] Action: TURNLEFT, Power: 36
[Sat May 24 11:41:19 2025] Velocidade: -176.267258, -70.329796, 316.130638
[Sat May 24 11:41:19 2025] Velocidade: -177.042017, -70.956051, 316.567772
[Sat May 24 11:41:19 2025] Velocidade: -177.816228, -71.572580, 317.004819
[Sat May 24 11:41:19 2025] Action: TURNLEFT, Power: 36
[Sat May 24 11:41:19 2025] Velocidade: -178.604667, -72.194445, 317.445888
[Sat May 24 11:41:19 2025] Velocidade: -179.389555, -72.811795, 317.868031
[Sat May 24 11:41:19 2025] Velocidade: -180.174860, -73.432226, 318.304058
[Sat May 24 11:41:19 2025] Action: TURNLEFT, Power: 36
[Sat May 24 11:41:19 2025] Velocidade: -180.966068, -74.051245, 318.722232
[Sat May 24 11:41:19 2025] Velocidade: -181.753073, -74.671763, 319.153676
[Sat May 24 11:41:19 2025] Velocidade: -182.538656, -75.287992, 319.583792
[Sat May 24 11:41:20 2025] Velocidade: -183.331423, -75.907238, 320.001105
[Sat May 24 11:41:20 2025] Action: TURNLEFT, Power: 36
[Sat May 24 11:41:20 2025] Velocidade: -184.119346, -76.524182, 320.416375
[Sat May 24 11:41:20 2025] Velocidade: -184.914313, -77.157061, 320.828317
[Sat May 24 11:41:20 2025] Velocidade: -185.691407, -77.763413, 321.235765
[Sat May 24 11:41:20 2025] Action: TURNLEFT, Power: 36
[Sat May 24 11:41:20 2025] Velocidade: -186.478994, -78.375980, 321.665704
[Sat May 24 11:41:20 2025] Velocidade: -187.268841, -78.993801, 322.070396
[Sat May 24 11:41:20 2025] Velocidade: -188.062079, -79.607357, 322.470816
[Sat May 24 11:41:20 2025] Action: TURNLEFT, Power: 36
[Sat May 24 11:41:20 2025] Velocidade: -188.847475, -80.219798, 322.874292
[Sat May 24 11:41:20 2025] Velocidade: -189.639861, -80.830379, 323.274415
[Sat May 24 11:41:21 2025] Velocidade: -190.419209, -81.449497, 323.678287
[Sat May 24 11:41:21 2025] Velocidade: -191.205008, -82.067183, 324.079427
[Sat May 24 11:41:21 2025] Action: TURNLEFT, Power: 36
[Sat May 24 11:41:21 2025] Velocidade: -191.997910, -82.686502, 324.482593
[Sat May 24 11:41:21 2025] Velocidade: -192.787512, -83.295508, 324.885891
[Sat May 24 11:41:21 2025] Velocidade: -193.579250, -83.916519, 325.298123
[Sat May 24 11:41:21 2025] Action: TURNLEFT, Power: 36
[Sat May 24 11:41:21 2025] Velocidade: -194.368328, -84.535040, 325.705479
[Sat May 24 11:41:21 2025] Velocidade: -195.160185, -85.148255, 326.104575
[Sat May 24 11:41:21 2025] Velocidade: -195.954163, -85.760998, 326.511210
[Sat May 24 11:41:21 2025] Action: TURNLEFT, Power: 36
[Sat May 24 11:41:21 2025] Velocidade: -196.740892, -86.377240, 326.923982
[Sat May 24 11:41:22 2025] Velocidade: -197.535874, -86.992432, 327.328447
[Sat May 24 11:41:22 2025] Velocidade: -198.330838, -87.613188, 327.732902
[Sat May 24 11:41:22 2025] Velocidade: -199.123310, -88.235247, 328.142452
[Sat May 24 11:41:22 2025] Action: TURNLEFT, Power: 36
[Sat May 24 11:41:22 2025] Velocidade: -199.916081, -88.852523, 328.557097
[Sat May 24 11:41:22 2025] Velocidade: -200.701794, -89.475613, 328.954900
[Sat May 24 11:41:22 2025] Velocidade: -201.489543, -90.092168, 329.357145
[Sat May 24 11:41:22 2025] Action: TURNLEFT, Power: 36
[Sat May 24 11:41:22 2025] Velocidade: -202.284788, -90.710353, 329.772651
[Sat May 24 11:41:22 2025] Velocidade: -203.073906, -91.335558, 330.171016
[Sat May 24 11:41:22 2025] Velocidade: -203.865794, -91.951725, 330.579004
[Sat May 24 11:41:22 2025] Action: TURNLEFT, Power: 36
[Sat May 24 11:41:22 2025] Velocidade: -204.657339, -92.570809, 330.989360
[Sat May 24 11:41:23 2025] Velocidade: -205.446359, -93.188236, 331.384757
[Sat May 24 11:41:23 2025] Velocidade: -206.239514, -93.800991, 331.784125
[Sat May 24 11:41:23 2025] Velocidade: -207.035467, -94.425167, 332.187557
[Sat May 24 11:41:23 2025] Action: TURNLEFT, Power: 36
[Sat May 24 11:41:23 2025] Velocidade: -207.821955, -95.041563, 332.586132
[Sat May 24 11:41:23 2025] Velocidade: -208.608905, -95.657382, 332.984931
[Sat May 24 11:41:23 2025] Velocidade: -209.397628, -96.273485, 333.391351
[Sat May 24 11:41:23 2025] Action: TURNLEFT, Power: 36
[Sat May 24 11:41:23 2025] Velocidade: -210.184071, -96.895789, 333.798779
[Sat May 24 11:41:23 2025] Velocidade: -210.966409, -97.518513, 334.204793
[Sat May 24 11:41:23 2025] Velocidade: -211.751073, -98.141323, 334.604863
[Sat May 24 11:41:23 2025] Action: TURNLEFT, Power: 36
[Sat May 24 11:41:24 2025] Velocidade: -212.542209, -98.763980, 335.013624
[Sat May 24 11:41:24 2025] Velocidade: -213.329112, -99.384272, 335.422925
[Sat May 24 11:41:24 2025] Velocidade: -214.118938, -99.996438, 335.830275
[Sat May 24 11:41:24 2025] Action: TURNLEFT, Power: 36
[Sat May 24 11:41:24 2025] Velocidade: -214.909411, -100.607247, 336.237565
[Sat May 24 11:41:24 2025] Velocidade: -215.694139, -101.221293, 336.642266
[Sat May 24 11:41:24 2025] Velocidade: -216.480532, -101.844118, 337.045226
[Sat May 24 11:41:24 2025] Velocidade: -217.269782, -102.467291, 337.452802
[Sat May 24 11:41:24 2025] Action: TURNLEFT, Power: 36
[Sat May 24 11:41:24 2025] Velocidade: -218.057403, -103.090993, 337.847373
[Sat May 24 11:41:24 2025] Velocidade: -218.854237, -103.716170, 338.257979
[Sat May 24 11:41:24 2025] Velocidade: -219.641190, -104.340148, 338.667195
[Sat May 24 11:41:25 2025] Action: TURNLEFT, Power: 36
[Sat May 24 11:41:25 2025] Velocidade: -220.430108, -104.960682, 339.071671
[Sat May 24 11:41:25 2025] Velocidade: -221.223853, -105.582635, 339.470827
[Sat May 24 11:41:25 2025] Velocidade: -222.008237, -106.200296, 339.875834
[Sat May 24 11:41:25 2025] Action: TURNLEFT, Power: 36
[Sat May 24 11:41:25 2025] Velocidade: -222.802514, -106.822522, 340.278809
[Sat May 24 11:41:25 2025] Velocidade: -223.583140, -107.442506, 340.684095
[Sat May 24 11:41:25 2025] Velocidade: -224.362186, -108.065134, 341.083124
[Sat May 24 11:41:25 2025] Velocidade: -225.152497, -108.686873, 341.494909
[Sat May 24 11:41:25 2025] Action: TURNLEFT, Power: 36
[Sat May 24 11:41:25 2025] Velocidade: -225.936050, -109.302757, 341.893154
[Sat May 24 11:41:25 2025] Velocidade: -226.723337, -109.928321, 342.294287
[Sat May 24 11:41:26 2025] Velocidade: -227.511974, -110.545229, 342.690254
[Sat May 24 11:41:26 2025] Action: TURNLEFT, Power: 36
[Sat May 24 11:41:26 2025] Velocidade: -228.300125, -111.157446, 343.095610
[Sat May 24 11:41:26 2025] Velocidade: -229.089195, -111.772860, 343.497254
[Sat May 24 11:41:26 2025] Velocidade: -229.877106, -112.392078, 343.903132
[Sat May 24 11:41:26 2025] Action: TURNLEFT, Power: 36
[Sat May 24 11:41:26 2025] Velocidade: -230.666042, -113.004201, 344.313836
[Sat May 24 11:41:26 2025] Velocidade: -231.451520, -113.634967, 344.719637
[Sat May 24 11:41:26 2025] Velocidade: -232.241399, -114.256167, 345.127259
[Sat May 24 11:41:26 2025] Velocidade: -233.030963, -114.875995, 345.541831
[Sat May 24 11:41:26 2025] Action: TURNLEFT, Power: 36
[Sat May 24 11:41:26 2025] Velocidade: -233.820604, -115.503697, 345.951753
[Sat May 24 11:41:26 2025] Velocidade: -234.606955, -116.122070, 346.352161
[Sat May 24 11:41:27 2025] Velocidade: -235.398345, -116.737483, 346.761929
[Sat May 24 11:41:27 2025] Action: TURNLEFT, Power: 36
[Sat May 24 11:41:27 2025] Velocidade: -236.187188, -117.366274, 347.164721
[Sat May 24 11:41:27 2025] Velocidade: -236.974067, -117.985116, 347.575929
[Sat May 24 11:41:27 2025] Velocidade: -237.755084, -118.599933, 347.976079
[Sat May 24 11:41:27 2025] Action: TURNLEFT, Power: 36
[Sat May 24 11:41:27 2025] Velocidade: -238.540218, -119.215410, 348.383862
[Sat May 24 11:41:27 2025] Velocidade: -239.332201, -119.831595, 348.777317
[Sat May 24 11:41:27 2025] Velocidade: -240.119663, -120.443445, 349.178280
[Sat May 24 11:41:27 2025] Velocidade: -240.905530, -121.065949, 349.585166
[Sat May 24 11:41:27 2025] Action: TURNLEFT, Power: 36
[Sat May 24 11:41:27 2025] Velocidade: -241.696520, -121.689960, 349.979011
[Sat May 24 11:41:28 2025] Velocidade: -242.483324, -122.309467, 350.386608
[Sat May 24 11:41:28 2025] Velocidade: -243.276422, -122.930043, 350.783665
[Sat May 24 11:41:28 2025] Action: TURNLEFT, Power: 36
[Sat May 24 11:41:28 2025] Velocidade: -244.065960, -123.555939, 351.199237
[Sat May 24 11:41:28 2025] Velocidade: -244.857052, -124.180231, 351.596052
[Sat May 24 11:41:28 2025] Velocidade: -245.649818, -124.796996, 351.998269
[Sat May 24 11:41:28 2025] Action: TURNLEFT, Power: 36
[Sat May 24 11:41:28 2025] Velocidade: -246.441124, -125.418121, 352.401530
[Sat May 24 11:41:28 2025] Velocidade: -247.233686, -126.038166, 352.805169
[Sat May 24 11:41:28 2025] Velocidade: -248.026664, -126.658393, 353.206224
[Sat May 24 11:41:28 2025] Action: TURNLEFT, Power: 36
[Sat May 24 11:41:28 2025] Velocidade: -248.814258, -127.282022, 353.617153
[Sat May 24 11:41:29 2025] Velocidade: -249.607786, -127.904382, 354.017478
[Sat May 24 11:41:29 2025] Velocidade: -250.389751, -128.523870, 354.414671
[Sat May 24 11:41:29 2025] Velocidade: -251.175883, -129.133446, 354.819279
[Sat May 24 11:41:29 2025] Action: TURNLEFT, Power: 36
[Sat May 24 11:41:29 2025] Velocidade: -251.964938, -129.752169, 355.219509
[Sat May 24 11:41:29 2025] Velocidade: -252.739170, -130.363391, 355.628935
[Sat May 24 11:41:29 2025] Velocidade: -253.539466, -130.979218, 356.033650
[Sat May 24 11:41:29 2025] Action: TURNLEFT, Power: 36
[Sat May 24 11:41:29 2025] Velocidade: -254.329167, -131.595657, 356.442072
[Sat May 24 11:41:29 2025] Velocidade: -255.118917, -132.209850, 356.846968
[Sat May 24 11:41:29 2025] Velocidade: -255.905184, -132.831868, 357.246185
[Sat May 24 11:41:29 2025] Action: TURNLEFT, Power: 36
[Sat May 24 11:41:29 2025] Velocidade: -256.692902, -133.455246, 357.648413
[Sat May 24 11:41:30 2025] Velocidade: -257.481352, -134.072768, 358.042004
[Sat May 24 11:41:30 2025] Velocidade: -258.264375, -134.696497, 358.449369
[Sat May 24 11:41:30 2025] Velocidade: -259.059895, -135.316531, 358.847763
[Sat May 24 11:41:30 2025] Action: TURNLEFT, Power: 36
[Sat May 24 11:41:30 2025] Velocidade: -259.858994, -135.937348, 359.246171
[Sat May 24 11:41:30 2025] Velocidade: -260.577523, -136.541531, 359.635353
[Sat May 24 11:41:30 2025] Velocidade: -261.388484, -137.179640, 360.046291
[Sat May 24 11:41:30 2025] Action: TURNLEFT, Power: 36
[Sat May 24 11:41:30 2025] Velocidade: -262.161280, -137.796659, 360.447658
[Sat May 24 11:41:30 2025] Velocidade: -262.951863, -138.424609, 360.840158
[Sat May 24 11:41:30 2025] Velocidade: -263.731548, -139.041204, 361.245219
[Sat May 24 11:41:30 2025] Action: TURNLEFT, Power: 36
[Sat May 24 11:41:31 2025] Velocidade: -264.519785, -139.665247, 361.638323
[Sat May 24 11:41:31 2025] Velocidade: -265.299449, -140.291210, 362.046923
[Sat May 24 11:41:31 2025] Velocidade: -266.085802, -140.913189, 362.450246
[Sat May 24 11:41:31 2025] Velocidade: -266.869879, -141.532638, 362.850022
[Sat May 24 11:41:31 2025] Action: TURNLEFT, Power: 36
[Sat May 24 11:41:31 2025] Velocidade: -267.649853, -142.153221, 363.255466
[Sat May 24 11:41:31 2025] Velocidade: -268.432086, -142.775205, 363.659895
[Sat May 24 11:41:31 2025] Velocidade: -269.224077, -143.401796, 364.061979
[Sat May 24 11:41:31 2025] Action: TURNLEFT, Power: 36
[Sat May 24 11:41:31 2025] Velocidade: -270.003903, -144.023830, 364.465337
[Sat May 24 11:41:31 2025] Velocidade: -270.791984, -144.646026, 364.875230
[Sat May 24 11:41:31 2025] Velocidade: -271.584980, -145.269620, 365.274137
[Sat May 24 11:41:32 2025] Action: TURNLEFT, Power: 36
[Sat May 24 11:41:32 2025] Velocidade: -272.367725, -145.890943, 365.676424
[Sat May 24 11:41:32 2025] Velocidade: -273.147338, -146.512300, 366.084490
[Sat May 24 11:41:32 2025] Velocidade: -273.931433, -147.133844, 366.487188
[Sat May 24 11:41:32 2025] Velocidade: -274.714277, -147.751038, 366.894339
[Sat May 24 11:41:32 2025] Action: TURNLEFT, Power: 36
[Sat May 24 11:41:32 2025] Velocidade: -275.504102, -148.372648, 367.294198
[Sat May 24 11:41:32 2025] Velocidade: -276.292696, -148.994126, 367.704877
[Sat May 24 11:41:32 2025] Velocidade: -277.081357, -149.618662, 368.113032
[Sat May 24 11:41:32 2025] Action: TURNLEFT, Power: 36
[Sat May 24 11:41:32 2025] Velocidade: -277.860789, -150.244186, 368.509594
[Sat May 24 11:41:32 2025] Velocidade: -278.645831, -150.862434, 368.915170
[Sat May 24 11:41:33 2025] Velocidade: -279.435834, -151.486468, 369.329331
[Sat May 24 11:41:33 2025] Action: TURNLEFT, Power: 36
[Sat May 24 11:41:33 2025] Velocidade: -280.214806, -152.109900, 369.730489
[Sat May 24 11:41:33 2025] Velocidade: -281.000429, -152.730889, 370.124188
[Sat May 24 11:41:33 2025] Velocidade: -281.781312, -153.355596, 370.540237
[Sat May 24 11:41:33 2025] Velocidade: -282.570139, -153.977527, 370.945557
[Sat May 24 11:41:33 2025] Action: TURNLEFT, Power: 36
[Sat May 24 11:41:33 2025] Velocidade: -283.357346, -154.606479, 371.347162
[Sat May 24 11:41:33 2025] Velocidade: -284.146293, -155.226475, 371.752544
[Sat May 24 11:41:33 2025] Velocidade: -284.937396, -155.849722, 372.156209
[Sat May 24 11:41:33 2025] Action: TURNLEFT, Power: 36
[Sat May 24 11:41:33 2025] Velocidade: -285.717366, -156.472683, 372.545307
[Sat May 24 11:41:33 2025] Velocidade: -286.503220, -157.098423, 372.940898
[Sat May 24 11:41:34 2025] Velocidade: -287.295640, -157.722416, 373.353088
[Sat May 24 11:41:34 2025] Action: TURNLEFT, Power: 36
[Sat May 24 11:41:34 2025] Velocidade: -288.077685, -158.356877, 373.754254
[Sat May 24 11:41:34 2025] Velocidade: -288.854412, -158.981602, 374.165924
[Sat May 24 11:41:34 2025] Velocidade: -289.644223, -159.606098, 374.571099
[Sat May 24 11:41:34 2025] Action: TURNLEFT, Power: 36
[Sat May 24 11:41:34 2025] Velocidade: -290.430216, -160.232456, 374.981480
[Sat May 24 11:41:34 2025] Velocidade: -291.216145, -160.852726, 375.389666
[Sat May 24 11:41:34 2025] Velocidade: -291.999992, -161.476914, 375.798695
[Sat May 24 11:41:34 2025] Velocidade: -292.779436, -162.104941, 376.213315
[Sat May 24 11:41:34 2025] Action: TURNLEFT, Power: 36
[Sat May 24 11:41:34 2025] Velocidade: -293.567399, -162.733638, 376.615793
[Sat May 24 11:41:35 2025] Velocidade: -294.348034, -163.352920, 377.028309
[Sat May 24 11:41:35 2025] Velocidade: -295.136319, -163.979082, 377.435264
[Sat May 24 11:41:35 2025] Action: TURNLEFT, Power: 36
[Sat May 24 11:41:35 2025] Velocidade: -295.920000, -164.602372, 377.846392
[Sat May 24 11:41:35 2025] Velocidade: -296.711652, -165.229351, 378.249322
[Sat May 24 11:41:35 2025] Velocidade: -297.501314, -165.853622, 378.652144
[Sat May 24 11:41:35 2025] Action: TURNLEFT, Power: 36
[Sat May 24 11:41:35 2025] Velocidade: -298.291359, -166.467200, 379.057815
[Sat May 24 11:41:35 2025] Velocidade: -299.077558, -167.088044, 379.453197
[Sat May 24 11:41:35 2025] Velocidade: -299.858170, -167.713244, 379.857828
[Sat May 24 11:41:35 2025] Velocidade: -300.638476, -168.340887, 380.258758
[Sat May 24 11:41:35 2025] Action: TURNLEFT, Power: 36
[Sat May 24 11:41:35 2025] Velocidade: -301.422873, -168.961107, 380.665651
[Sat May 24 11:41:36 2025] Velocidade: -302.205796, -169.589323, 381.067385
[Sat May 24 11:41:36 2025] Velocidade: -302.986260, -170.217903, 381.466998
[Sat May 24 11:41:36 2025] Action: TURNLEFT, Power: 36
[Sat May 24 11:41:36 2025] Velocidade: -303.771780, -170.840892, 381.884353
[Sat May 24 11:41:36 2025] Velocidade: -304.550379, -171.463721, 382.285450
[Sat May 24 11:41:36 2025] Velocidade: -305.335484, -172.092718, 382.686365
[Sat May 24 11:41:36 2025] Action: TURNLEFT, Power: 36
[Sat May 24 11:41:36 2025] Velocidade: -306.121855, -172.720343, 383.087539
[Sat May 24 11:41:36 2025] Velocidade: -306.905900, -173.346971, 383.488307
[Sat May 24 11:41:36 2025] Velocidade: -307.691693, -173.970072, 383.895162
[Sat May 24 11:41:36 2025] Velocidade: -308.475504, -174.591086, 384.296831
[Sat May 24 11:41:36 2025] Action: TURNLEFT, Power: 36
[Sat May 24 11:41:37 2025] Velocidade: -309.260907, -175.225147, 384.711751
[Sat May 24 11:41:37 2025] Velocidade: -310.046269, -175.847653, 385.112296
[Sat May 24 11:41:37 2025] Velocidade: -310.829447, -176.474297, 385.517712
[Sat May 24 11:41:37 2025] Action: TURNLEFT, Power: 36
[Sat May 24 11:41:37 2025] Velocidade: -311.616612, -177.100935, 385.919916
[Sat May 24 11:41:37 2025] Velocidade: -312.393695, -177.733044, 386.318089
[Sat May 24 11:41:37 2025] Velocidade: -313.177749, -178.353035, 386.725584
[Sat May 24 11:41:37 2025] Action: TURNLEFT, Power: 36
[Sat May 24 11:41:37 2025] Velocidade: -313.960550, -178.978109, 387.127255
[Sat May 24 11:41:37 2025] Velocidade: -314.745953, -179.605773, 387.535807
[Sat May 24 11:41:37 2025] Velocidade: -315.530017, -180.232618, 387.941278
[Sat May 24 11:41:38 2025] Velocidade: -316.315456, -180.861425, 388.337419
[Sat May 24 11:41:38 2025] Action: TURNLEFT, Power: 36
[Sat May 24 11:41:38 2025] Velocidade: -317.102713, -181.489658, 388.741700
[Sat May 24 11:41:38 2025] Velocidade: -317.885040, -182.116534, 389.146684
[Sat May 24 11:41:38 2025] Velocidade: -318.672537, -182.744503, 389.557552
[Sat May 24 11:41:38 2025] Action: TURNLEFT, Power: 36
[Sat May 24 11:41:38 2025] Velocidade: -319.453902, -183.365133, 389.965221
[Sat May 24 11:41:38 2025] Velocidade: -320.241094, -183.996560, 390.377209
[Sat May 24 11:41:38 2025] Velocidade: -321.022835, -184.625556, 390.777087
[Sat May 24 11:41:38 2025] Action: TURNLEFT, Power: 36
[Sat May 24 11:41:38 2025] Velocidade: -321.805684, -185.248133, 391.182586
[Sat May 24 11:41:38 2025] Velocidade: -322.588896, -185.875058, 391.592079
[Sat May 24 11:41:38 2025] Velocidade: -323.373496, -186.496706, 391.998064
[Sat May 24 11:41:39 2025] Action: TURNLEFT, Power: 36
[Sat May 24 11:41:39 2025] Velocidade: -324.155320, -187.122165, 392.402683
[Sat May 24 11:41:39 2025] Velocidade: -324.939273, -187.749328, 392.807091
[Sat May 24 11:41:39 2025] Velocidade: -325.723531, -188.377648, 393.208475
[Sat May 24 11:41:39 2025] Velocidade: -326.510720, -189.002477, 393.621477
[Sat May 24 11:41:39 2025] Action: TURNLEFT, Power: 36
[Sat May 24 11:41:39 2025] Velocidade: -327.297069, -189.627953, 394.026958
[Sat May 24 11:41:39 2025] Velocidade: -328.085857, -190.254620, 394.418941
[Sat May 24 11:41:39 2025] Velocidade: -328.871132, -190.880608, 394.826544
[Sat May 24 11:41:39 2025] Action: TURNLEFT, Power: 36
[Sat May 24 11:41:39 2025] Velocidade: -329.660570, -191.495009, 395.226590
[Sat May 24 11:41:39 2025] Velocidade: -330.439060, -192.111610, 395.628776
[Sat May 24 11:41:40 2025] Velocidade: -331.225655, -192.738603, 396.026641
[Sat May 24 11:41:40 2025] Action: TURNLEFT, Power: 36
[Sat May 24 11:41:40 2025] Velocidade: -332.005460, -193.366151, 396.433164
[Sat May 24 11:41:40 2025] Velocidade: -332.794088, -193.992437, 396.840035
[Sat May 24 11:41:40 2025] Velocidade: -333.583018, -194.616637, 397.243243
[Sat May 24 11:41:40 2025] Velocidade: -334.370946, -195.235415, 397.646717
[Sat May 24 11:41:40 2025] Action: TURNLEFT, Power: 36
[Sat May 24 11:41:40 2025] Velocidade: -335.152666, -195.859066, 398.046838
[Sat May 24 11:41:40 2025] Velocidade: -335.939298, -196.481574, 398.452457
[Sat May 24 11:41:40 2025] Velocidade: -336.727494, -197.111775, 398.860756
[Sat May 24 11:41:40 2025] Action: TURNLEFT, Power: 36
[Sat May 24 11:41:40 2025] Velocidade: -337.511759, -197.736498, 399.265064
[Sat May 24 11:41:40 2025] Velocidade: -338.294368, -198.366596, 399.674132
[Sat May 24 11:41:41 2025] Velocidade: -339.076539, -198.995578, 400.073587
[Sat May 24 11:41:41 2025] Action: TURNLEFT, Power: 36
[Sat May 24 11:41:41 2025] Velocidade: -339.864021, -199.615419, 400.477599
[Sat May 24 11:41:41 2025] Velocidade: -340.651206, -200.241364, 400.873854
[Sat May 24 11:41:41 2025] Velocidade: -341.426512, -200.862218, 401.263663
[Sat May 24 11:41:41 2025] Velocidade: -342.201456, -201.489179, 401.665730
[Sat May 24 11:41:41 2025] Action: TURNLEFT, Power: 36
[Sat May 24 11:41:41 2025] Velocidade: -342.980898, -202.106036, 402.073079
[Sat May 24 11:41:41 2025] Velocidade: -343.769507, -202.729517, 402.467257
[Sat May 24 11:41:41 2025] Velocidade: -344.556752, -203.357689, 402.870647
[Sat May 24 11:41:41 2025] Action: TURNLEFT, Power: 36
[Sat May 24 11:41:41 2025] Velocidade: -345.336630, -203.984485, 403.264901
[Sat May 24 11:41:42 2025] Velocidade: -346.115191, -204.603986, 403.664964
[Sat May 24 11:41:42 2025] Velocidade: -346.898015, -205.221524, 404.067783
[Sat May 24 11:41:42 2025] Action: TURNLEFT, Power: 36
[Sat May 24 11:41:42 2025] Velocidade: -347.673443, -205.851813, 404.470468
[Sat May 24 11:41:42 2025] Velocidade: -348.453992, -206.477622, 404.873299
[Sat May 24 11:41:42 2025] Velocidade: -349.243447, -207.100209, 405.271958
[Sat May 24 11:41:42 2025] Velocidade: -350.023955, -207.725275, 405.669565
[Sat May 24 11:41:42 2025] Action: TURNLEFT, Power: 36
[Sat May 24 11:41:42 2025] Velocidade: -350.815286, -208.351491, 406.072332
[Sat May 24 11:41:42 2025] Velocidade: -351.601295, -208.977205, 406.470790
[Sat May 24 11:41:42 2025] Velocidade: -352.386601, -209.597383, 406.872067
[Sat May 24 11:41:42 2025] Action: TURNLEFT, Power: 36
[Sat May 24 11:41:42 2025] Velocidade: -353.176925, -210.224358, 407.271167
[Sat May 24 11:41:43 2025] Velocidade: -353.959482, -210.846956, 407.668403
[Sat May 24 11:41:43 2025] Velocidade: -354.741876, -211.470589, 408.079762
[Sat May 24 11:41:43 2025] Action: TURNLEFT, Power: 36
[Sat May 24 11:41:43 2025] Velocidade: -355.526902, -212.097139, 408.479881
[Sat May 24 11:41:43 2025] Velocidade: -356.315869, -212.730596, 408.880200
[Sat May 24 11:41:43 2025] Velocidade: -357.105648, -213.358564, 409.283713
[Sat May 24 11:41:43 2025] Velocidade: -357.888391, -213.982882, 409.688518
[Sat May 24 11:41:43 2025] Action: TURNLEFT, Power: 36
[Sat May 24 11:41:43 2025] Velocidade: -358.673197, -214.608695, 410.091843
[Sat May 24 11:41:43 2025] Velocidade: -359.453529, -215.238544, 410.496346
[Sat May 24 11:41:43 2025] Velocidade: -360.246022, -215.864558, 410.899964
[Sat May 24 11:41:43 2025] Action: TURNLEFT, Power: 36
[Sat May 24 11:41:44 2025] Velocidade: -361.024937, -216.491545, 411.298679
[Sat May 24 11:41:44 2025] Velocidade: -361.813327, -217.114693, 411.703281
[Sat May 24 11:41:44 2025] Velocidade: -362.595248, -217.741193, 412.111736
[Sat May 24 11:41:44 2025] Action: TURNLEFT, Power: 36
[Sat May 24 11:41:44 2025] Velocidade: -363.379079, -218.365923, 412.510883
[Sat May 24 11:41:44 2025] Velocidade: -364.166988, -218.994426, 412.905978
[Sat May 24 11:41:44 2025] Velocidade: -364.956517, -219.621076, 413.309876
[Sat May 24 11:41:44 2025] Action: TURNLEFT, Power: 36
[Sat May 24 11:41:44 2025] Velocidade: -365.743167, -220.244919, 413.706244
[Sat May 24 11:41:44 2025] Velocidade: -366.533049, -220.867389, 414.110571
[Sat May 24 11:41:44 2025] Velocidade: -367.319110, -221.497809, 414.511586
[Sat May 24 11:41:44 2025] Velocidade: -368.102724, -222.125460, 414.925963
[Sat May 24 11:41:45 2025] Action: TURNLEFT, Power: 36
[Sat May 24 11:41:45 2025] Velocidade: -368.885402, -222.743538, 415.323642
[Sat May 24 11:41:45 2025] Velocidade: -369.664143, -223.365009, 415.726457
[Sat May 24 11:41:45 2025] Velocidade: -370.446378, -223.989529, 416.131393
[Sat May 24 11:41:45 2025] Action: TURNLEFT, Power: 36
[Sat May 24 11:41:45 2025] Velocidade: -371.235959, -224.613189, 416.527324
[Sat May 24 11:41:45 2025] Velocidade: -372.013526, -225.240873, 416.938172
[Sat May 24 11:41:45 2025] Velocidade: -372.800481, -225.864756, 417.346739
[Sat May 24 11:41:45 2025] Action: TURNLEFT, Power: 36
[Sat May 24 11:41:45 2025] Velocidade: -373.586197, -226.485872, 417.740611
[Sat May 24 11:41:45 2025] Velocidade: -374.371878, -227.115584, 418.134466
[Sat May 24 11:41:45 2025] Velocidade: -375.158702, -227.736627, 418.532187
[Sat May 24 11:41:46 2025] Velocidade: -375.944050, -228.357907, 418.935639
[Sat May 24 11:41:46 2025] Action: TURNLEFT, Power: 36
[Sat May 24 11:41:46 2025] Velocidade: -376.729776, -228.989176, 419.338393
[Sat May 24 11:41:46 2025] Velocidade: -377.518576, -229.617172, 419.739134
[Sat May 24 11:41:46 2025] Velocidade: -378.304572, -230.242673, 420.136442
[Sat May 24 11:41:46 2025] Action: TURNLEFT, Power: 36
[Sat May 24 11:41:46 2025] Velocidade: -379.085052, -230.865890, 420.547101
[Sat May 24 11:41:46 2025] Velocidade: -379.866450, -231.489030, 420.936912
[Sat May 24 11:41:46 2025] Velocidade: -380.655187, -232.113172, 421.340157
[Sat May 24 11:41:46 2025] Action: TURNLEFT, Power: 36
[Sat May 24 11:41:46 2025] Velocidade: -381.440103, -232.739076, 421.751509
[Sat May 24 11:41:46 2025] Velocidade: -382.225051, -233.362574, 422.150700
[Sat May 24 11:41:47 2025] Velocidade: -383.008671, -233.988658, 422.554306
